<?xml version="1.0" encoding="UTF-8"?>
<!-- Generated by org.testng.reporters.JUnitReportReporter -->
<testsuite hostname="LAPTOP-VLK0RTJ4" failures="0" tests="1" name="com.example.Test1" time="0.014" errors="0" timestamp="2023-05-27T16:02:57 IST" skipped="0">
  <testcase classname="com.example.Test1" name="given" time="0.014"/>
  <system-out/>
</testsuite> <!-- com.example.Test1 -->
